LeKa/leKa/build/outputs/logs/manifest-merger-debug-report.txt
-- Merging decision tree log ---
manifest
ADDED from src\main\AndroidManifest.xml:2:1-144:12
	xmlns:android
		ADDED from src\main\AndroidManifest.xml:2:11-69
	package
		ADDED from src\main\AndroidManifest.xml:3:5-46
		INJECTED from src\main\AndroidManifest.xml
		INJECTED from src\main\AndroidManifest.xml
	android:versionName
		ADDED from src\main\AndroidManifest.xml:5:5-30
	android:versionCode
		ADDED from src\main\AndroidManifest.xml:4:5-28
		INJECTED from src\main\AndroidManifest.xml
		INJECTED from src\main\AndroidManifest.xml
uses-sdk
ADDED from src\main\AndroidManifest.xml:7:5-9:41
MERGED from [LeKab:library:unspecified] AndroidManifest.xml:7:5-9:41
MERGED from [com.android.support:appcompat-v7:19.1.0] AndroidManifest.xml:18:5-42
	android:targetSdkVersion
		ADDED from src\main\AndroidManifest.xml:9:9-38
		INJECTED from src\main\AndroidManifest.xml
		INJECTED from src\main\AndroidManifest.xml
	android:minSdkVersion
		ADDED from src\main\AndroidManifest.xml:8:9-34
		INJECTED from src\main\AndroidManifest.xml
		INJECTED from src\main\AndroidManifest.xml
uses-permission#android.permission.ACCESS_NETWORK_STATE
ADDED from src\main\AndroidManifest.xml:11:5-79
	android:name
		ADDED from src\main\AndroidManifest.xml:11:22-76
uses-permission#android.permission.BLUETOOTH
ADDED from src\main\AndroidManifest.xml:12:5-68
	android:name
		ADDED from src\main\AndroidManifest.xml:12:22-65
uses-permission#android.permission.BLUETOOTH_ADMIN
ADDED from src\main\AndroidManifest.xml:13:5-74
	android:name
		ADDED from src\main\AndroidManifest.xml:13:22-71
uses-permission#android.permission.VIBRATE
ADDED from src\main\AndroidManifest.xml:14:5-66
	android:name
		ADDED from src\main\AndroidManifest.xml:14:22-63
uses-permission#android.permission.CAMERA
ADDED from src\main\AndroidManifest.xml:15:5-65
	android:name
		ADDED from src\main\AndroidManifest.xml:15:22-62
uses-permission#android.permission.WRITE_EXTERNAL_STORAGE
ADDED from src\main\AndroidManifest.xml:16:5-81
	android:name
		ADDED from src\main\AndroidManifest.xml:16:22-78
uses-permission#android.permission.MOUNT_UNMOUNT_FILESYSTEMS
ADDED from src\main\AndroidManifest.xml:17:5-84
	android:name
		ADDED from src\main\AndroidManifest.xml:17:22-81
uses-feature#android.hardware.camera
ADDED from src\main\AndroidManifest.xml:19:5-60
	android:name
		ADDED from src\main\AndroidManifest.xml:19:19-57
uses-feature#android.hardware.camera.autofocus
ADDED from src\main\AndroidManifest.xml:20:5-70
	android:name
		ADDED from src\main\AndroidManifest.xml:20:19-67
uses-permission#android.permission.INTERNET
ADDED from src\main\AndroidManifest.xml:22:5-67
	android:name
		ADDED from src\main\AndroidManifest.xml:22:22-64
application
ADDED from src\main\AndroidManifest.xml:24:5-142:19
MERGED from [com.android.support:appcompat-v7:19.1.0] AndroidManifest.xml:19:5-20
	android:label
		ADDED from src\main\AndroidManifest.xml:29:9-41
	android:allowBackup
		ADDED from src\main\AndroidManifest.xml:26:9-35
	android:icon
		ADDED from src\main\AndroidManifest.xml:28:9-39
	android:theme
		ADDED from src\main\AndroidManifest.xml:30:9-40
	android:name
		ADDED from src\main\AndroidManifest.xml:27:9-67
activity#com.example.zhuxiangrobitclass.ui.HomeActivity
ADDED from src\main\AndroidManifest.xml:31:9-41:20
	android:screenOrientation
		ADDED from src\main\AndroidManifest.xml:34:13-50
	android:label
		ADDED from src\main\AndroidManifest.xml:33:13-45
	android:theme
		ADDED from src\main\AndroidManifest.xml:35:13-77
	android:name
		ADDED from src\main\AndroidManifest.xml:32:13-74
intent-filter#android.intent.action.MAIN+android.intent.category.LAUNCHER
ADDED from src\main\AndroidManifest.xml:36:13-40:29
action#android.intent.action.MAIN
ADDED from src\main\AndroidManifest.xml:37:17-69
	android:name
		ADDED from src\main\AndroidManifest.xml:37:25-66
category#android.intent.category.LAUNCHER
ADDED from src\main\AndroidManifest.xml:39:17-77
	android:name
		ADDED from src\main\AndroidManifest.xml:39:27-74
activity#com.example.zhuxiangrobitclass.ui.IpDialog
ADDED from src\main\AndroidManifest.xml:42:9-46:20
	android:screenOrientation
		ADDED from src\main\AndroidManifest.xml:44:13-50
	android:theme
		ADDED from src\main\AndroidManifest.xml:45:13-49
	android:name
		ADDED from src\main\AndroidManifest.xml:43:13-70
activity#com.example.zhuxiangrobitclass.ui.NumberOneClassForDrLe
ADDED from src\main\AndroidManifest.xml:47:10-51:20
	android:screenOrientation
		ADDED from src\main\AndroidManifest.xml:49:13-50
	android:theme
		ADDED from src\main\AndroidManifest.xml:50:13-77
	android:name
		ADDED from src\main\AndroidManifest.xml:48:13-83
activity#com.example.zhuxiangrobitclass.ui.QuestionDialog
ADDED from src\main\AndroidManifest.xml:52:9-56:20
	android:screenOrientation
		ADDED from src\main\AndroidManifest.xml:54:13-50
	android:theme
		ADDED from src\main\AndroidManifest.xml:55:13-49
	android:name
		ADDED from src\main\AndroidManifest.xml:53:13-76
activity#com.example.zhuxiangrobitclass.ui.NumberOneClass
ADDED from src\main\AndroidManifest.xml:57:10-61:20
	android:screenOrientation
		ADDED from src\main\AndroidManifest.xml:59:13-50
	android:theme
		ADDED from src\main\AndroidManifest.xml:60:13-77
	android:name
		ADDED from src\main\AndroidManifest.xml:58:13-76
activity#com.example.zhuxiangrobitclass.ui.WinClass
ADDED from src\main\AndroidManifest.xml:62:9-65:86
	android:screenOrientation
		ADDED from src\main\AndroidManifest.xml:64:13-50
	android:theme
		ADDED from src\main\AndroidManifest.xml:65:13-83
	android:name
		ADDED from src\main\AndroidManifest.xml:63:13-70
activity#com.example.zhuxiangrobitclass.ui.ErrorClass
ADDED from src\main\AndroidManifest.xml:66:10-69:86
	android:screenOrientation
		ADDED from src\main\AndroidManifest.xml:68:13-50
	android:theme
		ADDED from src\main\AndroidManifest.xml:69:13-83
	android:name
		ADDED from src\main\AndroidManifest.xml:67:13-72
activity#com.example.zhuxiangrobitclass.ui.videoplayer
ADDED from src\main\AndroidManifest.xml:70:10-73:86
	android:screenOrientation
		ADDED from src\main\AndroidManifest.xml:72:13-50
	android:theme
		ADDED from src\main\AndroidManifest.xml:73:13-83
	android:name
		ADDED from src\main\AndroidManifest.xml:71:13-73
activity#com.example.zhuxiangrobitclass.ui.LoginActivity
ADDED from src\main\AndroidManifest.xml:74:9-78:20
	android:screenOrientation
		ADDED from src\main\AndroidManifest.xml:76:13-50
	android:theme
		ADDED from src\main\AndroidManifest.xml:77:13-77
	android:name
		ADDED from src\main\AndroidManifest.xml:75:13-75
activity#com.example.zhuxiangrobitclass.ui.base.BaseActivity
ADDED from src\main\AndroidManifest.xml:79:9-82:20
	android:screenOrientation
		ADDED from src\main\AndroidManifest.xml:81:13-50
	android:name
		ADDED from src\main\AndroidManifest.xml:80:13-79
activity#com.example.zhuxiangrobitclass.ui.SubjectsCategory
ADDED from src\main\AndroidManifest.xml:83:9-87:20
	android:screenOrientation
		ADDED from src\main\AndroidManifest.xml:85:13-50
	android:theme
		ADDED from src\main\AndroidManifest.xml:86:13-77
	android:name
		ADDED from src\main\AndroidManifest.xml:84:13-78
activity#com.example.zhuxiangrobitclass.ui.ControlActivity
ADDED from src\main\AndroidManifest.xml:88:9-92:20
	android:screenOrientation
		ADDED from src\main\AndroidManifest.xml:90:13-50
	android:theme
		ADDED from src\main\AndroidManifest.xml:91:13-77
	android:name
		ADDED from src\main\AndroidManifest.xml:89:13-77
activity#com.example.zhuxiangrobitclass.ui.RobitNumberTwoClass
ADDED from src\main\AndroidManifest.xml:93:9-97:20
	android:screenOrientation
		ADDED from src\main\AndroidManifest.xml:95:13-50
	android:theme
		ADDED from src\main\AndroidManifest.xml:96:13-77
	android:name
		ADDED from src\main\AndroidManifest.xml:94:13-81
activity#com.example.zhuxiangrobitclass.ui.ClassCategory
ADDED from src\main\AndroidManifest.xml:98:9-102:20
	android:screenOrientation
		ADDED from src\main\AndroidManifest.xml:100:13-50
	android:theme
		ADDED from src\main\AndroidManifest.xml:101:13-77
	android:name
		ADDED from src\main\AndroidManifest.xml:99:13-75
activity#com.example.zhuxiangrobitclass.ui.LeShuaNumberOneClass
ADDED from src\main\AndroidManifest.xml:104:9-108:20
	android:screenOrientation
		ADDED from src\main\AndroidManifest.xml:106:13-50
	android:theme
		ADDED from src\main\AndroidManifest.xml:107:13-77
	android:name
		ADDED from src\main\AndroidManifest.xml:105:13-82
activity#com.example.zhuxiangrobitclass.ui.LeShuaNumberTwoClass
ADDED from src\main\AndroidManifest.xml:109:9-113:20
	android:screenOrientation
		ADDED from src\main\AndroidManifest.xml:111:13-50
	android:theme
		ADDED from src\main\AndroidManifest.xml:112:13-77
	android:name
		ADDED from src\main\AndroidManifest.xml:110:13-82
activity#com.example.zhuxiangrobitclass.ui.SceneActivity
ADDED from src\main\AndroidManifest.xml:114:10-118:20
	android:screenOrientation
		ADDED from src\main\AndroidManifest.xml:116:13-50
	android:theme
		ADDED from src\main\AndroidManifest.xml:117:13-77
	android:name
		ADDED from src\main\AndroidManifest.xml:115:13-75
activity#com.example.zhuxiangrobitclass.ui.ProImagePagerActivity
ADDED from src\main\AndroidManifest.xml:119:9-123:20
	android:screenOrientation
		ADDED from src\main\AndroidManifest.xml:121:13-50
	android:theme
		ADDED from src\main\AndroidManifest.xml:122:13-77
	android:name
		ADDED from src\main\AndroidManifest.xml:120:13-83
activity#com.example.zhuxiangrobitclass.ui.ClassNumberCategory
ADDED from src\main\AndroidManifest.xml:124:9-128:20
	android:screenOrientation
		ADDED from src\main\AndroidManifest.xml:126:13-50
	android:theme
		ADDED from src\main\AndroidManifest.xml:127:13-77
	android:name
		ADDED from src\main\AndroidManifest.xml:125:13-81
activity#com.example.zhuxiangrobitclass.zxing.activity.CaptureActivity
ADDED from src\main\AndroidManifest.xml:129:9-135:20
	android:windowSoftInputMode
		ADDED from src\main\AndroidManifest.xml:134:13-60
	android:screenOrientation
		ADDED from src\main\AndroidManifest.xml:132:13-49
	android:configChanges
		ADDED from src\main\AndroidManifest.xml:131:13-63
	android:theme
		ADDED from src\main\AndroidManifest.xml:133:13-71
	android:name
		ADDED from src\main\AndroidManifest.xml:130:13-89
activity#com.example.zhuxiangrobitclass.zxing.DeviceListActivity
ADDED from src\main\AndroidManifest.xml:136:9-141:20
	android:screenOrientation
		ADDED from src\main\AndroidManifest.xml:139:13-50
	android:label
		ADDED from src\main\AndroidManifest.xml:138:13-37
	android:theme
		ADDED from src\main\AndroidManifest.xml:140:13-56
	android:name
		ADDED from src\main\AndroidManifest.xml:137:13-83